This is pdfTeX, Version 3.1415926-2.5-1.40.14 (TeX Live 2013/Debian) (format=pdflatex 2016.9.18)  30 NOV 2016 12:20
entering extended mode
 restricted \write18 enabled.
 %&-line parsing enabled.
**sprawko.tex
(./sprawko.tex
LaTeX2e <2011/06/27>
Babel <3.9h> and hyphenation patterns for 78 languages loaded.
(/usr/share/texlive/texmf-dist/tex/latex/base/article.cls
Document Class: article 2007/10/19 v1.4h Standard LaTeX document class
(/usr/share/texlive/texmf-dist/tex/latex/base/size11.clo
File: size11.clo 2007/10/19 v1.4h Standard LaTeX file (size option)
)
\c@part=\count79
\c@section=\count80
\c@subsection=\count81
\c@subsubsection=\count82
\c@paragraph=\count83
\c@subparagraph=\count84
\c@figure=\count85
\c@table=\count86
\abovecaptionskip=\skip41
\belowcaptionskip=\skip42
\bibindent=\dimen102
)
(/usr/share/texlive/texmf-dist/tex/latex/base/inputenc.sty
Package: inputenc 2008/03/30 v1.1d Input encoding file
\inpenc@prehook=\toks14
\inpenc@posthook=\toks15

(/usr/share/texlive/texmf-dist/tex/latex/base/utf8.def
File: utf8.def 2008/04/05 v1.1m UTF-8 support for inputenc
Now handling font encoding OML ...
... no UTF-8 mapping file for font encoding OML
Now handling font encoding T1 ...
... processing UTF-8 mapping file for font encoding T1

(/usr/share/texlive/texmf-dist/tex/latex/base/t1enc.dfu
File: t1enc.dfu 2008/04/05 v1.1m UTF-8 support for inputenc
   defining Unicode char U+00A1 (decimal 161)
   defining Unicode char U+00A3 (decimal 163)
   defining Unicode char U+00AB (decimal 171)
   defining Unicode char U+00BB (decimal 187)
   defining Unicode char U+00BF (decimal 191)
   defining Unicode char U+00C0 (decimal 192)
   defining Unicode char U+00C1 (decimal 193)
   defining Unicode char U+00C2 (decimal 194)
   defining Unicode char U+00C3 (decimal 195)
   defining Unicode char U+00C4 (decimal 196)
   defining Unicode char U+00C5 (decimal 197)
   defining Unicode char U+00C6 (decimal 198)
   defining Unicode char U+00C7 (decimal 199)
   defining Unicode char U+00C8 (decimal 200)
   defining Unicode char U+00C9 (decimal 201)
   defining Unicode char U+00CA (decimal 202)
   defining Unicode char U+00CB (decimal 203)
   defining Unicode char U+00CC (decimal 204)
   defining Unicode char U+00CD (decimal 205)
   defining Unicode char U+00CE (decimal 206)
   defining Unicode char U+00CF (decimal 207)
   defining Unicode char U+00D0 (decimal 208)
   defining Unicode char U+00D1 (decimal 209)
   defining Unicode char U+00D2 (decimal 210)
   defining Unicode char U+00D3 (decimal 211)
   defining Unicode char U+00D4 (decimal 212)
   defining Unicode char U+00D5 (decimal 213)
   defining Unicode char U+00D6 (decimal 214)
   defining Unicode char U+00D8 (decimal 216)
   defining Unicode char U+00D9 (decimal 217)
   defining Unicode char U+00DA (decimal 218)
   defining Unicode char U+00DB (decimal 219)
   defining Unicode char U+00DC (decimal 220)
   defining Unicode char U+00DD (decimal 221)
   defining Unicode char U+00DE (decimal 222)
   defining Unicode char U+00DF (decimal 223)
   defining Unicode char U+00E0 (decimal 224)
   defining Unicode char U+00E1 (decimal 225)
   defining Unicode char U+00E2 (decimal 226)
   defining Unicode char U+00E3 (decimal 227)
   defining Unicode char U+00E4 (decimal 228)
   defining Unicode char U+00E5 (decimal 229)
   defining Unicode char U+00E6 (decimal 230)
   defining Unicode char U+00E7 (decimal 231)
   defining Unicode char U+00E8 (decimal 232)
   defining Unicode char U+00E9 (decimal 233)
   defining Unicode char U+00EA (decimal 234)
   defining Unicode char U+00EB (decimal 235)
   defining Unicode char U+00EC (decimal 236)
   defining Unicode char U+00ED (decimal 237)
   defining Unicode char U+00EE (decimal 238)
   defining Unicode char U+00EF (decimal 239)
   defining Unicode char U+00F0 (decimal 240)
   defining Unicode char U+00F1 (decimal 241)
   defining Unicode char U+00F2 (decimal 242)
   defining Unicode char U+00F3 (decimal 243)
   defining Unicode char U+00F4 (decimal 244)
   defining Unicode char U+00F5 (decimal 245)
   defining Unicode char U+00F6 (decimal 246)
   defining Unicode char U+00F8 (decimal 248)
   defining Unicode char U+00F9 (decimal 249)
   defining Unicode char U+00FA (decimal 250)
   defining Unicode char U+00FB (decimal 251)
   defining Unicode char U+00FC (decimal 252)
   defining Unicode char U+00FD (decimal 253)
   defining Unicode char U+00FE (decimal 254)
   defining Unicode char U+00FF (decimal 255)
   defining Unicode char U+0102 (decimal 258)
   defining Unicode char U+0103 (decimal 259)
   defining Unicode char U+0104 (decimal 260)
   defining Unicode char U+0105 (decimal 261)
   defining Unicode char U+0106 (decimal 262)
   defining Unicode char U+0107 (decimal 263)
   defining Unicode char U+010C (decimal 268)
   defining Unicode char U+010D (decimal 269)
   defining Unicode char U+010E (decimal 270)
   defining Unicode char U+010F (decimal 271)
   defining Unicode char U+0110 (decimal 272)
   defining Unicode char U+0111 (decimal 273)
   defining Unicode char U+0118 (decimal 280)
   defining Unicode char U+0119 (decimal 281)
   defining Unicode char U+011A (decimal 282)
   defining Unicode char U+011B (decimal 283)
   defining Unicode char U+011E (decimal 286)
   defining Unicode char U+011F (decimal 287)
   defining Unicode char U+0130 (decimal 304)
   defining Unicode char U+0131 (decimal 305)
   defining Unicode char U+0132 (decimal 306)
   defining Unicode char U+0133 (decimal 307)
   defining Unicode char U+0139 (decimal 313)
   defining Unicode char U+013A (decimal 314)
   defining Unicode char U+013D (decimal 317)
   defining Unicode char U+013E (decimal 318)
   defining Unicode char U+0141 (decimal 321)
   defining Unicode char U+0142 (decimal 322)
   defining Unicode char U+0143 (decimal 323)
   defining Unicode char U+0144 (decimal 324)
   defining Unicode char U+0147 (decimal 327)
   defining Unicode char U+0148 (decimal 328)
   defining Unicode char U+014A (decimal 330)
   defining Unicode char U+014B (decimal 331)
   defining Unicode char U+0150 (decimal 336)
   defining Unicode char U+0151 (decimal 337)
   defining Unicode char U+0152 (decimal 338)
   defining Unicode char U+0153 (decimal 339)
   defining Unicode char U+0154 (decimal 340)
   defining Unicode char U+0155 (decimal 341)
   defining Unicode char U+0158 (decimal 344)
   defining Unicode char U+0159 (decimal 345)
   defining Unicode char U+015A (decimal 346)
   defining Unicode char U+015B (decimal 347)
   defining Unicode char U+015E (decimal 350)
   defining Unicode char U+015F (decimal 351)
   defining Unicode char U+0160 (decimal 352)
   defining Unicode char U+0161 (decimal 353)
   defining Unicode char U+0162 (decimal 354)
   defining Unicode char U+0163 (decimal 355)
   defining Unicode char U+0164 (decimal 356)
   defining Unicode char U+0165 (decimal 357)
   defining Unicode char U+016E (decimal 366)
   defining Unicode char U+016F (decimal 367)
   defining Unicode char U+0170 (decimal 368)
   defining Unicode char U+0171 (decimal 369)
   defining Unicode char U+0178 (decimal 376)
   defining Unicode char U+0179 (decimal 377)
   defining Unicode char U+017A (decimal 378)
   defining Unicode char U+017B (decimal 379)
   defining Unicode char U+017C (decimal 380)
   defining Unicode char U+017D (decimal 381)
   defining Unicode char U+017E (decimal 382)
   defining Unicode char U+200C (decimal 8204)
   defining Unicode char U+2013 (decimal 8211)
   defining Unicode char U+2014 (decimal 8212)
   defining Unicode char U+2018 (decimal 8216)
   defining Unicode char U+2019 (decimal 8217)
   defining Unicode char U+201A (decimal 8218)
   defining Unicode char U+201C (decimal 8220)
   defining Unicode char U+201D (decimal 8221)
   defining Unicode char U+201E (decimal 8222)
   defining Unicode char U+2030 (decimal 8240)
   defining Unicode char U+2031 (decimal 8241)
   defining Unicode char U+2039 (decimal 8249)
   defining Unicode char U+203A (decimal 8250)
   defining Unicode char U+2423 (decimal 9251)
)
Now handling font encoding OT1 ...
... processing UTF-8 mapping file for font encoding OT1

(/usr/share/texlive/texmf-dist/tex/latex/base/ot1enc.dfu
File: ot1enc.dfu 2008/04/05 v1.1m UTF-8 support for inputenc
   defining Unicode char U+00A1 (decimal 161)
   defining Unicode char U+00A3 (decimal 163)
   defining Unicode char U+00B8 (decimal 184)
   defining Unicode char U+00BF (decimal 191)
   defining Unicode char U+00C5 (decimal 197)
   defining Unicode char U+00C6 (decimal 198)
   defining Unicode char U+00D8 (decimal 216)
   defining Unicode char U+00DF (decimal 223)
   defining Unicode char U+00E6 (decimal 230)
   defining Unicode char U+00EC (decimal 236)
   defining Unicode char U+00ED (decimal 237)
   defining Unicode char U+00EE (decimal 238)
   defining Unicode char U+00EF (decimal 239)
   defining Unicode char U+00F8 (decimal 248)
   defining Unicode char U+0131 (decimal 305)
   defining Unicode char U+0141 (decimal 321)
   defining Unicode char U+0142 (decimal 322)
   defining Unicode char U+0152 (decimal 338)
   defining Unicode char U+0153 (decimal 339)
   defining Unicode char U+2013 (decimal 8211)
   defining Unicode char U+2014 (decimal 8212)
   defining Unicode char U+2018 (decimal 8216)
   defining Unicode char U+2019 (decimal 8217)
   defining Unicode char U+201C (decimal 8220)
   defining Unicode char U+201D (decimal 8221)
)
Now handling font encoding OMS ...
... processing UTF-8 mapping file for font encoding OMS

(/usr/share/texlive/texmf-dist/tex/latex/base/omsenc.dfu
File: omsenc.dfu 2008/04/05 v1.1m UTF-8 support for inputenc
   defining Unicode char U+00A7 (decimal 167)
   defining Unicode char U+00B6 (decimal 182)
   defining Unicode char U+00B7 (decimal 183)
   defining Unicode char U+2020 (decimal 8224)
   defining Unicode char U+2021 (decimal 8225)
   defining Unicode char U+2022 (decimal 8226)
)
Now handling font encoding OMX ...
... no UTF-8 mapping file for font encoding OMX
Now handling font encoding U ...
... no UTF-8 mapping file for font encoding U
   defining Unicode char U+00A9 (decimal 169)
   defining Unicode char U+00AA (decimal 170)
   defining Unicode char U+00AE (decimal 174)
   defining Unicode char U+00BA (decimal 186)
   defining Unicode char U+02C6 (decimal 710)
   defining Unicode char U+02DC (decimal 732)
   defining Unicode char U+200C (decimal 8204)
   defining Unicode char U+2026 (decimal 8230)
   defining Unicode char U+2122 (decimal 8482)
   defining Unicode char U+2423 (decimal 9251)
))
(/usr/share/texlive/texmf-dist/tex/latex/polski/polski.sty
Package: polski 2008/02/24 v1.3.3 Polish language package

Document language package `polski' v1.3.3 <2008/02/24>
   Inputenc package detected. Catcodes not changed.
   Switching to Polish text encoding and Polish maths fonts.
(/usr/share/texlive/texmf-dist/tex/latex/base/ot4enc.def
File: ot4enc.def 2005/09/27 v1.99g Standard LaTeX file
Now handling font encoding OT4 ...
... no UTF-8 mapping file for font encoding OT4
)
LaTeX Font Info:    Try loading font information for OT4+cmr on input line 346.


(/usr/share/texlive/texmf-dist/tex/latex/polski/ot4cmr.fd
File: ot4cmr.fd 2008/02/24 v1.2.1 Font defs for fonts PL (MW)
)
LaTeX Font Info:    Overwriting math alphabet `\mathbf' in version `normal'
(Font)                  OT1/cmr/bx/n --> OT4/cmr/bx/n on input line 346.
LaTeX Font Info:    Overwriting math alphabet `\mathsf' in version `normal'
(Font)                  OT1/cmss/m/n --> OT4/cmss/m/n on input line 346.
LaTeX Font Info:    Overwriting math alphabet `\mathit' in version `normal'
(Font)                  OT1/cmr/m/it --> OT4/cmr/m/it on input line 346.
LaTeX Font Info:    Overwriting math alphabet `\mathtt' in version `normal'
(Font)                  OT1/cmtt/m/n --> OT4/cmtt/m/n on input line 346.
LaTeX Font Info:    Overwriting math alphabet `\mathsf' in version `bold'
(Font)                  OT1/cmss/bx/n --> OT4/cmss/bx/n on input line 346.
LaTeX Font Info:    Overwriting math alphabet `\mathit' in version `bold'
(Font)                  OT1/cmr/bx/it --> OT4/cmr/bx/it on input line 346.
LaTeX Font Info:    Encoding `OT1' has changed to `OT4' for symbol font
(Font)              `operators' in the math version `normal' on input line 346.

LaTeX Font Info:    Overwriting symbol font `operators' in version `normal'
(Font)                  OT1/cmr/m/n --> OT4/cmr/m/n on input line 346.
LaTeX Font Info:    Overwriting symbol font `letters' in version `normal'
(Font)                  OML/cmm/m/it --> OML/plm/m/it on input line 346.
LaTeX Font Info:    Overwriting symbol font `symbols' in version `normal'
(Font)                  OMS/cmsy/m/n --> OMS/plsy/m/n on input line 346.
LaTeX Font Info:    Overwriting symbol font `largesymbols' in version `normal'
(Font)                  OMX/cmex/m/n --> OMX/plex/m/n on input line 346.
LaTeX Font Info:    Encoding `OT1' has changed to `OT4' for symbol font
(Font)              `operators' in the math version `bold' on input line 346.
LaTeX Font Info:    Overwriting symbol font `operators' in version `bold'
(Font)                  OT1/cmr/bx/n --> OT4/cmr/bx/n on input line 346.
LaTeX Font Info:    Overwriting symbol font `letters' in version `bold'
(Font)                  OML/cmm/b/it --> OML/plm/b/it on input line 346.
LaTeX Font Info:    Overwriting symbol font `symbols' in version `bold'
(Font)                  OMS/cmsy/b/n --> OMS/plsy/b/n on input line 346.
)
(/usr/share/texlive/texmf-dist/tex/latex/graphics/graphicx.sty
Package: graphicx 1999/02/16 v1.0f Enhanced LaTeX Graphics (DPC,SPQR)

(/usr/share/texlive/texmf-dist/tex/latex/graphics/keyval.sty
Package: keyval 1999/03/16 v1.13 key=value parser (DPC)
\KV@toks@=\toks16
)
(/usr/share/texlive/texmf-dist/tex/latex/graphics/graphics.sty
Package: graphics 2009/02/05 v1.0o Standard LaTeX Graphics (DPC,SPQR)

(/usr/share/texlive/texmf-dist/tex/latex/graphics/trig.sty
Package: trig 1999/03/16 v1.09 sin cos tan (DPC)
)
(/usr/share/texlive/texmf-dist/tex/latex/latexconfig/graphics.cfg
File: graphics.cfg 2010/04/23 v1.9 graphics configuration of TeX Live
)
Package graphics Info: Driver file: pdftex.def on input line 91.

(/usr/share/texlive/texmf-dist/tex/latex/pdftex-def/pdftex.def
File: pdftex.def 2011/05/27 v0.06d Graphics/color for pdfTeX

(/usr/share/texlive/texmf-dist/tex/generic/oberdiek/infwarerr.sty
Package: infwarerr 2010/04/08 v1.3 Providing info/warning/error messages (HO)
)
(/usr/share/texlive/texmf-dist/tex/generic/oberdiek/ltxcmds.sty
Package: ltxcmds 2011/11/09 v1.22 LaTeX kernel commands for general use (HO)
)
\Gread@gobject=\count87
))
\Gin@req@height=\dimen103
\Gin@req@width=\dimen104
)
(/usr/share/texlive/texmf-dist/tex/latex/subfig/subfig.sty
Package: subfig 2005/06/28 ver: 1.3 subfig package

(/usr/share/texlive/texmf-dist/tex/latex/caption/caption.sty
Package: caption 2013/05/02 v3.3-89 Customizing captions (AR)

(/usr/share/texlive/texmf-dist/tex/latex/caption/caption3.sty
Package: caption3 2013/05/02 v1.6-88 caption3 kernel (AR)
Package caption3 Info: TeX engine: e-TeX on input line 57.
\captionmargin=\dimen105
\captionmargin@=\dimen106
\captionwidth=\dimen107
\caption@tempdima=\dimen108
\caption@indent=\dimen109
\caption@parindent=\dimen110
\caption@hangindent=\dimen111
)
\c@ContinuedFloat=\count88
)
\c@KVtest=\count89
\sf@farskip=\skip43
\sf@captopadj=\dimen112
\sf@capskip=\skip44
\sf@nearskip=\skip45
\c@subfigure=\count90
\c@subfigure@save=\count91
\c@lofdepth=\count92
\c@subtable=\count93
\c@subtable@save=\count94
\c@lotdepth=\count95
\sf@top=\skip46
\sf@bottom=\skip47
)
(/usr/share/texlive/texmf-dist/tex/latex/float/float.sty
Package: float 2001/11/08 v1.3d Float enhancements (AL)
\c@float@type=\count96
\float@exts=\toks17
\float@box=\box26
\@float@everytoks=\toks18
\@floatcapt=\box27
)
(/usr/share/texlive/texmf-dist/tex/latex/geometry/geometry.sty
Package: geometry 2010/09/12 v5.6 Page Geometry

(/usr/share/texlive/texmf-dist/tex/generic/oberdiek/ifpdf.sty
Package: ifpdf 2011/01/30 v2.3 Provides the ifpdf switch (HO)
Package ifpdf Info: pdfTeX in PDF mode is detected.
)
(/usr/share/texlive/texmf-dist/tex/generic/oberdiek/ifvtex.sty
Package: ifvtex 2010/03/01 v1.5 Detect VTeX and its facilities (HO)
Package ifvtex Info: VTeX not detected.
)
(/usr/share/texlive/texmf-dist/tex/generic/ifxetex/ifxetex.sty
Package: ifxetex 2010/09/12 v0.6 Provides ifxetex conditional
)
\Gm@cnth=\count97
\Gm@cntv=\count98
\c@Gm@tempcnt=\count99
\Gm@bindingoffset=\dimen113
\Gm@wd@mp=\dimen114
\Gm@odd@mp=\dimen115
\Gm@even@mp=\dimen116
\Gm@layoutwidth=\dimen117
\Gm@layoutheight=\dimen118
\Gm@layouthoffset=\dimen119
\Gm@layoutvoffset=\dimen120
\Gm@dimlist=\toks19
)
(/usr/share/texlive/texmf-dist/tex/latex/amsmath/amsmath.sty
Package: amsmath 2013/01/14 v2.14 AMS math features
\@mathmargin=\skip48

For additional information on amsmath, use the `?' option.
(/usr/share/texlive/texmf-dist/tex/latex/amsmath/amstext.sty
Package: amstext 2000/06/29 v2.01

(/usr/share/texlive/texmf-dist/tex/latex/amsmath/amsgen.sty
File: amsgen.sty 1999/11/30 v2.0
\@emptytoks=\toks20
\ex@=\dimen121
))
(/usr/share/texlive/texmf-dist/tex/latex/amsmath/amsbsy.sty
Package: amsbsy 1999/11/29 v1.2d
\pmbraise@=\dimen122
)
(/usr/share/texlive/texmf-dist/tex/latex/amsmath/amsopn.sty
Package: amsopn 1999/12/14 v2.01 operator names
)
\inf@bad=\count100
LaTeX Info: Redefining \frac on input line 210.
\uproot@=\count101
\leftroot@=\count102
LaTeX Info: Redefining \overline on input line 306.
\classnum@=\count103
\DOTSCASE@=\count104
LaTeX Info: Redefining \ldots on input line 378.
LaTeX Info: Redefining \dots on input line 381.
LaTeX Info: Redefining \cdots on input line 466.
\Mathstrutbox@=\box28
\strutbox@=\box29
\big@size=\dimen123
LaTeX Font Info:    Redeclaring font encoding OML on input line 566.
LaTeX Font Info:    Redeclaring font encoding OMS on input line 567.
\macc@depth=\count105
\c@MaxMatrixCols=\count106
\dotsspace@=\muskip10
\c@parentequation=\count107
\dspbrk@lvl=\count108
\tag@help=\toks21
\row@=\count109
\column@=\count110
\maxfields@=\count111
\andhelp@=\toks22
\eqnshift@=\dimen124
\alignsep@=\dimen125
\tagshift@=\dimen126
\tagwidth@=\dimen127
\totwidth@=\dimen128
\lineht@=\dimen129
\@envbody=\toks23
\multlinegap=\skip49
\multlinetaggap=\skip50
\mathdisplay@stack=\toks24
LaTeX Info: Redefining \[ on input line 2665.
LaTeX Info: Redefining \] on input line 2666.
)
(/usr/share/texlive/texmf-dist/tex/latex/graphics/color.sty
Package: color 2005/11/14 v1.0j Standard LaTeX Color (DPC)

(/usr/share/texlive/texmf-dist/tex/latex/latexconfig/color.cfg
File: color.cfg 2007/01/18 v1.5 color configuration of teTeX/TeXLive
)
Package color Info: Driver file: pdftex.def on input line 130.
)
(/usr/share/texlive/texmf-dist/tex/latex/tools/enumerate.sty
Package: enumerate 1999/03/05 v3.00 enumerate extensions (DPC)
\@enLab=\toks25
)
(/usr/share/texlive/texmf-dist/tex/latex/tools/indentfirst.sty
Package: indentfirst 1995/11/23 v1.03 Indent first paragraph (DPC)
)
(/usr/share/texlive/texmf-dist/tex/latex/hyperref/hyperref.sty
Package: hyperref 2012/11/06 v6.83m Hypertext links for LaTeX

(/usr/share/texlive/texmf-dist/tex/generic/oberdiek/hobsub-hyperref.sty
Package: hobsub-hyperref 2012/05/28 v1.13 Bundle oberdiek, subset hyperref (HO)


(/usr/share/texlive/texmf-dist/tex/generic/oberdiek/hobsub-generic.sty
Package: hobsub-generic 2012/05/28 v1.13 Bundle oberdiek, subset generic (HO)
Package: hobsub 2012/05/28 v1.13 Construct package bundles (HO)
Package hobsub Info: Skipping package `infwarerr' (already loaded).
Package hobsub Info: Skipping package `ltxcmds' (already loaded).
Package: ifluatex 2010/03/01 v1.3 Provides the ifluatex switch (HO)
Package ifluatex Info: LuaTeX not detected.
Package hobsub Info: Skipping package `ifvtex' (already loaded).
Package: intcalc 2007/09/27 v1.1 Expandable calculations with integers (HO)
Package hobsub Info: Skipping package `ifpdf' (already loaded).
Package: etexcmds 2011/02/16 v1.5 Avoid name clashes with e-TeX commands (HO)
Package etexcmds Info: Could not find \expanded.
(etexcmds)             That can mean that you are not using pdfTeX 1.50 or
(etexcmds)             that some package has redefined \expanded.
(etexcmds)             In the latter case, load this package earlier.
Package: kvsetkeys 2012/04/25 v1.16 Key value parser (HO)
Package: kvdefinekeys 2011/04/07 v1.3 Define keys (HO)
Package: pdftexcmds 2011/11/29 v0.20 Utility functions of pdfTeX for LuaTeX (HO
)
Package pdftexcmds Info: LuaTeX not detected.
Package pdftexcmds Info: \pdf@primitive is available.
Package pdftexcmds Info: \pdf@ifprimitive is available.
Package pdftexcmds Info: \pdfdraftmode found.
Package: pdfescape 2011/11/25 v1.13 Implements pdfTeX's escape features (HO)
Package: bigintcalc 2012/04/08 v1.3 Expandable calculations on big integers (HO
)
Package: bitset 2011/01/30 v1.1 Handle bit-vector datatype (HO)
Package: uniquecounter 2011/01/30 v1.2 Provide unlimited unique counter (HO)
)
Package hobsub Info: Skipping package `hobsub' (already loaded).
Package: letltxmacro 2010/09/02 v1.4 Let assignment for LaTeX macros (HO)
Package: hopatch 2012/05/28 v1.2 Wrapper for package hooks (HO)
Package: xcolor-patch 2011/01/30 xcolor patch
Package: atveryend 2011/06/30 v1.8 Hooks at the very end of document (HO)
Package atveryend Info: \enddocument detected (standard20110627).
Package: atbegshi 2011/10/05 v1.16 At begin shipout hook (HO)
Package: refcount 2011/10/16 v3.4 Data extraction from label references (HO)
Package: hycolor 2011/01/30 v1.7 Color options for hyperref/bookmark (HO)
)
(/usr/share/texlive/texmf-dist/tex/latex/oberdiek/auxhook.sty
Package: auxhook 2011/03/04 v1.3 Hooks for auxiliary files (HO)
)
(/usr/share/texlive/texmf-dist/tex/latex/oberdiek/kvoptions.sty
Package: kvoptions 2011/06/30 v3.11 Key value format for package options (HO)
)
\@linkdim=\dimen130
\Hy@linkcounter=\count112
\Hy@pagecounter=\count113

(/usr/share/texlive/texmf-dist/tex/latex/hyperref/pd1enc.def
File: pd1enc.def 2012/11/06 v6.83m Hyperref: PDFDocEncoding definition (HO)
Now handling font encoding PD1 ...
... no UTF-8 mapping file for font encoding PD1
)
\Hy@SavedSpaceFactor=\count114

(/usr/share/texlive/texmf-dist/tex/latex/latexconfig/hyperref.cfg
File: hyperref.cfg 2002/06/06 v1.2 hyperref configuration of TeXLive
)
Package hyperref Info: Hyper figures OFF on input line 4443.
Package hyperref Info: Link nesting OFF on input line 4448.
Package hyperref Info: Hyper index ON on input line 4451.
Package hyperref Info: Plain pages OFF on input line 4458.
Package hyperref Info: Backreferencing OFF on input line 4463.
Package hyperref Info: Implicit mode ON; LaTeX internals redefined.
Package hyperref Info: Bookmarks ON on input line 4688.
\c@Hy@tempcnt=\count115

(/usr/share/texlive/texmf-dist/tex/latex/url/url.sty
\Urlmuskip=\muskip11
Package: url 2013/09/16  ver 3.4  Verb mode for urls, etc.
)
LaTeX Info: Redefining \url on input line 5041.
\XeTeXLinkMargin=\dimen131
\Fld@menulength=\count116
\Field@Width=\dimen132
\Fld@charsize=\dimen133
Package hyperref Info: Hyper figures OFF on input line 6295.
Package hyperref Info: Link nesting OFF on input line 6300.
Package hyperref Info: Hyper index ON on input line 6303.
Package hyperref Info: backreferencing OFF on input line 6310.
Package hyperref Info: Link coloring OFF on input line 6315.
Package hyperref Info: Link coloring with OCG OFF on input line 6320.
Package hyperref Info: PDF/A mode OFF on input line 6325.
LaTeX Info: Redefining \ref on input line 6365.
LaTeX Info: Redefining \pageref on input line 6369.
\Hy@abspage=\count117
\c@Item=\count118
\c@Hfootnote=\count119
)

Package hyperref Message: Driver (autodetected): hpdftex.

(/usr/share/texlive/texmf-dist/tex/latex/hyperref/hpdftex.def
File: hpdftex.def 2012/11/06 v6.83m Hyperref driver for pdfTeX
\Fld@listcount=\count120
\c@bookmark@seq@number=\count121

(/usr/share/texlive/texmf-dist/tex/latex/oberdiek/rerunfilecheck.sty
Package: rerunfilecheck 2011/04/15 v1.7 Rerun checks for auxiliary files (HO)
Package uniquecounter Info: New unique counter `rerunfilecheck' on input line 2
82.
)
\Hy@SectionHShift=\skip51
)
(/usr/share/texlive/texmf-dist/tex/latex/multirow/multirow.sty
\bigstrutjot=\dimen134
)
(/usr/share/texlive/texmf-dist/tex/latex/tools/array.sty
Package: array 2008/09/09 v2.4c Tabular extension package (FMi)
\col@sep=\dimen135
\extrarowheight=\dimen136
\NC@list=\toks26
\extratabsurround=\skip52
\backup@length=\skip53
)
(/usr/share/texlive/texmf-dist/tex/latex/tools/longtable.sty
Package: longtable 2004/02/01 v4.11 Multi-page Table package (DPC)
\LTleft=\skip54
\LTright=\skip55
\LTpre=\skip56
\LTpost=\skip57
\LTchunksize=\count122
\LTcapwidth=\dimen137
\LT@head=\box30
\LT@firsthead=\box31
\LT@foot=\box32
\LT@lastfoot=\box33
\LT@cols=\count123
\LT@rows=\count124
\c@LT@tables=\count125
\c@LT@chunks=\count126
\LT@p@ftn=\toks27
)
*geometry* verbose mode - [ newgeometry ] result:
* driver: 
* paper: a4paper
* layout: <same size as paper>
* layoutoffset:(h,v)=(0.0pt,0.0pt)
* modes: 
* h-part:(L,W,R)=(71.13188pt, 455.24411pt, 71.13188pt)
* v-part:(T,H,B)=(101.40665pt, 591.5302pt, 152.11pt)
* \paperwidth=597.50787pt
* \paperheight=845.04684pt
* \textwidth=455.24411pt
* \textheight=591.5302pt
* \oddsidemargin=-1.1381pt
* \evensidemargin=-1.1381pt
* \topmargin=-7.86334pt
* \headheight=12.0pt
* \headsep=25.0pt
* \topskip=11.0pt
* \footskip=30.0pt
* \marginparwidth=50.0pt
* \marginparsep=10.0pt
* \columnsep=10.0pt
* \skip\footins=10.0pt plus 4.0pt minus 2.0pt
* \hoffset=0.0pt
* \voffset=0.0pt
* \mag=1000
* \@twocolumnfalse
* \@twosidefalse
* \@mparswitchfalse
* \@reversemarginfalse
* (1in=72.27pt=25.4mm, 1cm=28.453pt)

 (./sprawko.aux

LaTeX Warning: Label `fig1' multiply defined.


LaTeX Warning: Label `fig1' multiply defined.


LaTeX Warning: Label `fig1' multiply defined.


LaTeX Warning: Label `fig1' multiply defined.


LaTeX Warning: Label `fig1' multiply defined.


LaTeX Warning: Label `fig1' multiply defined.


LaTeX Warning: Label `fig1' multiply defined.


LaTeX Warning: Label `fig1' multiply defined.


LaTeX Warning: Label `fig1' multiply defined.


LaTeX Warning: Label `fig1' multiply defined.


LaTeX Warning: Label `fig1' multiply defined.


LaTeX Warning: Label `dt2' multiply defined.

)
\openout1 = `sprawko.aux'.

LaTeX Font Info:    Checking defaults for OML/cmm/m/it on input line 25.
LaTeX Font Info:    ... okay on input line 25.
LaTeX Font Info:    Checking defaults for T1/cmr/m/n on input line 25.
LaTeX Font Info:    ... okay on input line 25.
LaTeX Font Info:    Checking defaults for OT1/cmr/m/n on input line 25.
LaTeX Font Info:    ... okay on input line 25.
LaTeX Font Info:    Checking defaults for OMS/cmsy/m/n on input line 25.
LaTeX Font Info:    ... okay on input line 25.
LaTeX Font Info:    Checking defaults for OMX/cmex/m/n on input line 25.
LaTeX Font Info:    ... okay on input line 25.
LaTeX Font Info:    Checking defaults for U/cmr/m/n on input line 25.
LaTeX Font Info:    ... okay on input line 25.
LaTeX Font Info:    Checking defaults for OT4/cmr/m/n on input line 25.
LaTeX Font Info:    ... okay on input line 25.
LaTeX Font Info:    Checking defaults for PD1/pdf/m/n on input line 25.
LaTeX Font Info:    ... okay on input line 25.
 (/usr/share/texlive/texmf-dist/tex/context/base/supp-pdf.mkii
[Loading MPS to PDF converter (version 2006.09.02).]
\scratchcounter=\count127
\scratchdimen=\dimen138
\scratchbox=\box34
\nofMPsegments=\count128
\nofMParguments=\count129
\everyMPshowfont=\toks28
\MPscratchCnt=\count130
\MPscratchDim=\dimen139
\MPnumerator=\count131
\makeMPintoPDFobject=\count132
\everyMPtoPDFconversion=\toks29
) (/usr/share/texlive/texmf-dist/tex/latex/oberdiek/epstopdf-base.sty
Package: epstopdf-base 2010/02/09 v2.5 Base part for package epstopdf

(/usr/share/texlive/texmf-dist/tex/latex/oberdiek/grfext.sty
Package: grfext 2010/08/19 v1.1 Manage graphics extensions (HO)
)
Package grfext Info: Graphics extension search list:
(grfext)             [.png,.pdf,.jpg,.mps,.jpeg,.jbig2,.jb2,.PNG,.PDF,.JPG,.JPE
G,.JBIG2,.JB2,.eps]
(grfext)             \AppendGraphicsExtensions on input line 452.

(/usr/share/texlive/texmf-dist/tex/latex/latexconfig/epstopdf-sys.cfg
File: epstopdf-sys.cfg 2010/07/13 v1.3 Configuration of (r)epstopdf for TeX Liv
e
))
Package caption Info: Begin \AtBeginDocument code.
Package caption Info: subfig package v1.3 is loaded.
Package caption Info: float package is loaded.
Package caption Info: hyperref package is loaded.
Package caption Info: longtable package is loaded.

(/usr/share/texlive/texmf-dist/tex/latex/caption/ltcaption.sty
Package: ltcaption 2013/02/03 v1.3-62 longtable captions (AR)
)
Package caption Info: End \AtBeginDocument code.

*geometry* driver: auto-detecting
*geometry* detected driver: pdftex
*geometry* verbose mode - [ preamble ] result:
* driver: pdftex
* paper: a4paper
* layout: <same size as paper>
* layoutoffset:(h,v)=(0.0pt,0.0pt)
* modes: 
* h-part:(L,W,R)=(71.13188pt, 455.24411pt, 71.13188pt)
* v-part:(T,H,B)=(101.40665pt, 591.5302pt, 152.11pt)
* \paperwidth=597.50787pt
* \paperheight=845.04684pt
* \textwidth=455.24411pt
* \textheight=591.5302pt
* \oddsidemargin=-1.1381pt
* \evensidemargin=-1.1381pt
* \topmargin=-7.86334pt
* \headheight=12.0pt
* \headsep=25.0pt
* \topskip=11.0pt
* \footskip=30.0pt
* \marginparwidth=50.0pt
* \marginparsep=10.0pt
* \columnsep=10.0pt
* \skip\footins=10.0pt plus 4.0pt minus 2.0pt
* \hoffset=0.0pt
* \voffset=0.0pt
* \mag=1000
* \@twocolumnfalse
* \@twosidefalse
* \@mparswitchfalse
* \@reversemarginfalse
* (1in=72.27pt=25.4mm, 1cm=28.453pt)

\AtBeginShipoutBox=\box35
Package hyperref Info: Link coloring OFF on input line 25.
(/usr/share/texlive/texmf-dist/tex/latex/hyperref/nameref.sty
Package: nameref 2012/10/27 v2.43 Cross-referencing by name of section

(/usr/share/texlive/texmf-dist/tex/generic/oberdiek/gettitlestring.sty
Package: gettitlestring 2010/12/03 v1.4 Cleanup title references (HO)
)
\c@section@level=\count133
)
LaTeX Info: Redefining \ref on input line 25.
LaTeX Info: Redefining \pageref on input line 25.
LaTeX Info: Redefining \nameref on input line 25.

(./sprawko.out) (./sprawko.out)
\@outlinefile=\write3
\openout3 = `sprawko.out'.



LaTeX Warning: No positions in optional float specifier.
               Default added (so using `tbp') on input line 26.

LaTeX Font Info:    Try loading font information for OML+plm on input line 28.
(/usr/share/texlive/texmf-dist/tex/latex/polski/omlplm.fd
File: omlplm.fd 2008/02/24 v1.2.1 Font defs for fonts PL (MW)
)
LaTeX Font Info:    Try loading font information for OMS+plsy on input line 28.


(/usr/share/texlive/texmf-dist/tex/latex/polski/omsplsy.fd
File: omsplsy.fd 2008/02/24 v1.2.1 Font defs for fonts PL (MW)
)
LaTeX Font Info:    Try loading font information for OMX+plex on input line 28.


(/usr/share/texlive/texmf-dist/tex/latex/polski/omxplex.fd
File: omxplex.fd 2008/02/24 v1.2.1 Font defs for fonts PL (MW)
)
LaTeX Font Info:    External font `plex10' loaded for size
(Font)              <10.95> on input line 28.
LaTeX Font Info:    External font `plex10' loaded for size
(Font)              <8> on input line 28.
LaTeX Font Info:    External font `plex10' loaded for size
(Font)              <6> on input line 28.

Overfull \hbox (20.66086pt too wide) in paragraph at lines 27--47
[]  [] 
 []

LaTeX Font Info:    Try loading font information for OMS+cmr on input line 60.
(/usr/share/texlive/texmf-dist/tex/latex/base/omscmr.fd
File: omscmr.fd 1999/05/25 v2.5h Standard LaTeX font definitions
)
LaTeX Font Info:    Font shape `OMS/cmr/m/n' in size <10.95> not available
(Font)              Font shape `OMS/cmsy/m/n' tried instead on input line 60.

<fe.png, id=36, 481.8pt x 361.35pt>
File: fe.png Graphic file (type png)
 <use fe.png>
Package pdftex.def Info: fe.png used on input line 80.
(pdftex.def)             Requested size: 409.71692pt x 307.29782pt.
 [1{/var/lib/texmf/fonts/map/pdftex/updmap/pdftex.map}


] (./zelazo_60.tex
Package epstopdf Info: Source file: <zelazo_60.eps>
(epstopdf)                    date: 2016-11-30 12:20:22
(epstopdf)                    size: 96131 bytes
(epstopdf)             Output file: <zelazo_60-eps-converted-to.pdf>
(epstopdf)                    date: 2016-11-30 12:20:03
(epstopdf)                    size: 9223 bytes
(epstopdf)             Command: <repstopdf --outfile=zelazo_60-eps-converted-to
.pdf zelazo_60.eps>
(epstopdf)             \includegraphics on input line 98.
runsystem(repstopdf --outfile=zelazo_60-eps-converted-to.pdf zelazo_60.eps)...e
xecuted safely (allowed).

Package epstopdf Info: Result file: <zelazo_60-eps-converted-to.pdf>
(epstopdf)                    date: 2016-11-30 12:20:25
(epstopdf)                    size: 9225 bytes.

<zelazo_60-eps-converted-to.pdf, id=50, 361.35pt x 252.945pt>
File: zelazo_60-eps-converted-to.pdf Graphic file (type pdf)

<use zelazo_60-eps-converted-to.pdf>
Package pdftex.def Info: zelazo_60-eps-converted-to.pdf used on input line 98.
(pdftex.def)             Requested size: 361.34912pt x 252.94438pt.
) [2 <./fe.png (PNG copy)>]
(./zelazo_80.tex
Package epstopdf Info: Source file: <zelazo_80.eps>
(epstopdf)                    date: 2016-11-30 12:20:22
(epstopdf)                    size: 95483 bytes
(epstopdf)             Output file: <zelazo_80-eps-converted-to.pdf>
(epstopdf)                    date: 2016-11-30 12:20:03
(epstopdf)                    size: 9095 bytes
(epstopdf)             Command: <repstopdf --outfile=zelazo_80-eps-converted-to
.pdf zelazo_80.eps>
(epstopdf)             \includegraphics on input line 98.
runsystem(repstopdf --outfile=zelazo_80-eps-converted-to.pdf zelazo_80.eps)...e
xecuted safely (allowed).

Package epstopdf Info: Result file: <zelazo_80-eps-converted-to.pdf>
(epstopdf)                    date: 2016-11-30 12:20:26
(epstopdf)                    size: 9095 bytes.
 <zelazo_80-eps-converted-to.pdf, id=56, 361.35pt x 252.945pt>
File: zelazo_80-eps-converted-to.pdf Graphic file (type pdf)

<use zelazo_80-eps-converted-to.pdf>
Package pdftex.def Info: zelazo_80-eps-converted-to.pdf used on input line 98.
(pdftex.def)             Requested size: 361.34912pt x 252.94438pt.
) (./zelazo_100.tex
Package epstopdf Info: Source file: <zelazo_100.eps>
(epstopdf)                    date: 2016-11-30 12:20:22
(epstopdf)                    size: 90315 bytes
(epstopdf)             Output file: <zelazo_100-eps-converted-to.pdf>
(epstopdf)                    date: 2016-11-30 12:20:03
(epstopdf)                    size: 8677 bytes
(epstopdf)             Command: <repstopdf --outfile=zelazo_100-eps-converted-t
o.pdf zelazo_100.eps>
(epstopdf)             \includegraphics on input line 96.
runsystem(repstopdf --outfile=zelazo_100-eps-converted-to.pdf zelazo_100.eps)..
.executed safely (allowed).

Package epstopdf Info: Result file: <zelazo_100-eps-converted-to.pdf>
(epstopdf)                    date: 2016-11-30 12:20:26
(epstopdf)                    size: 8677 bytes.

<zelazo_100-eps-converted-to.pdf, id=57, 361.35pt x 252.945pt>
File: zelazo_100-eps-converted-to.pdf Graphic file (type pdf)

<use zelazo_100-eps-converted-to.pdf>
Package pdftex.def Info: zelazo_100-eps-converted-to.pdf used on input line 96.

(pdftex.def)             Requested size: 361.34912pt x 252.94438pt.
) [3 <./zelazo_60-eps-converted-to.pdf> <./zelazo_80-eps-converted-to.pdf>] (./
zelazo_120.tex
Package epstopdf Info: Source file: <zelazo_120.eps>
(epstopdf)                    date: 2016-11-30 12:20:22
(epstopdf)                    size: 89961 bytes
(epstopdf)             Output file: <zelazo_120-eps-converted-to.pdf>
(epstopdf)                    date: 2016-11-30 12:20:04
(epstopdf)                    size: 8685 bytes
(epstopdf)             Command: <repstopdf --outfile=zelazo_120-eps-converted-t
o.pdf zelazo_120.eps>
(epstopdf)             \includegraphics on input line 96.
runsystem(repstopdf --outfile=zelazo_120-eps-converted-to.pdf zelazo_120.eps)..
.executed safely (allowed).

Package epstopdf Info: Result file: <zelazo_120-eps-converted-to.pdf>
(epstopdf)                    date: 2016-11-30 12:20:27
(epstopdf)                    size: 8685 bytes.

<zelazo_120-eps-converted-to.pdf, id=68, 361.35pt x 252.945pt>
File: zelazo_120-eps-converted-to.pdf Graphic file (type pdf)

<use zelazo_120-eps-converted-to.pdf>
Package pdftex.def Info: zelazo_120-eps-converted-to.pdf used on input line 96.

(pdftex.def)             Requested size: 361.34912pt x 252.94438pt.
) (./zelazo_140.tex
Package epstopdf Info: Source file: <zelazo_140.eps>
(epstopdf)                    date: 2016-11-30 12:20:22
(epstopdf)                    size: 89917 bytes
(epstopdf)             Output file: <zelazo_140-eps-converted-to.pdf>
(epstopdf)                    date: 2016-11-30 12:20:04
(epstopdf)                    size: 8652 bytes
(epstopdf)             Command: <repstopdf --outfile=zelazo_140-eps-converted-t
o.pdf zelazo_140.eps>
(epstopdf)             \includegraphics on input line 96.
runsystem(repstopdf --outfile=zelazo_140-eps-converted-to.pdf zelazo_140.eps)..
.executed safely (allowed).

Package epstopdf Info: Result file: <zelazo_140-eps-converted-to.pdf>
(epstopdf)                    date: 2016-11-30 12:20:27
(epstopdf)                    size: 8652 bytes.

<zelazo_140-eps-converted-to.pdf, id=69, 361.35pt x 252.945pt>
File: zelazo_140-eps-converted-to.pdf Graphic file (type pdf)

<use zelazo_140-eps-converted-to.pdf>
Package pdftex.def Info: zelazo_140-eps-converted-to.pdf used on input line 96.

(pdftex.def)             Requested size: 361.34912pt x 252.94438pt.
) [4 <./zelazo_100-eps-converted-to.pdf> <./zelazo_120-eps-converted-to.pdf>] (
./zelazo_160.tex
Package epstopdf Info: Source file: <zelazo_160.eps>
(epstopdf)                    date: 2016-11-30 12:20:22
(epstopdf)                    size: 89825 bytes
(epstopdf)             Output file: <zelazo_160-eps-converted-to.pdf>
(epstopdf)                    date: 2016-11-30 12:20:04
(epstopdf)                    size: 8614 bytes
(epstopdf)             Command: <repstopdf --outfile=zelazo_160-eps-converted-t
o.pdf zelazo_160.eps>
(epstopdf)             \includegraphics on input line 96.
runsystem(repstopdf --outfile=zelazo_160-eps-converted-to.pdf zelazo_160.eps)..
.executed safely (allowed).

Package epstopdf Info: Result file: <zelazo_160-eps-converted-to.pdf>
(epstopdf)                    date: 2016-11-30 12:20:27
(epstopdf)                    size: 8614 bytes.

<zelazo_160-eps-converted-to.pdf, id=80, 361.35pt x 252.945pt>
File: zelazo_160-eps-converted-to.pdf Graphic file (type pdf)

<use zelazo_160-eps-converted-to.pdf>
Package pdftex.def Info: zelazo_160-eps-converted-to.pdf used on input line 96.

(pdftex.def)             Requested size: 361.34912pt x 252.94438pt.
) (./zelazo_200.tex
Package epstopdf Info: Source file: <zelazo_200.eps>
(epstopdf)                    date: 2016-11-30 12:20:22
(epstopdf)                    size: 91781 bytes
(epstopdf)             Output file: <zelazo_200-eps-converted-to.pdf>
(epstopdf)                    date: 2016-11-30 12:20:05
(epstopdf)                    size: 8898 bytes
(epstopdf)             Command: <repstopdf --outfile=zelazo_200-eps-converted-t
o.pdf zelazo_200.eps>
(epstopdf)             \includegraphics on input line 97.
runsystem(repstopdf --outfile=zelazo_200-eps-converted-to.pdf zelazo_200.eps)..
.executed safely (allowed).

Package epstopdf Info: Result file: <zelazo_200-eps-converted-to.pdf>
(epstopdf)                    date: 2016-11-30 12:20:28
(epstopdf)                    size: 8898 bytes.

<zelazo_200-eps-converted-to.pdf, id=81, 361.35pt x 252.945pt>
File: zelazo_200-eps-converted-to.pdf Graphic file (type pdf)

<use zelazo_200-eps-converted-to.pdf>
Package pdftex.def Info: zelazo_200-eps-converted-to.pdf used on input line 97.

(pdftex.def)             Requested size: 361.34912pt x 252.94438pt.
) [5 <./zelazo_140-eps-converted-to.pdf> <./zelazo_160-eps-converted-to.pdf>] (
./1_channel.tex
Package epstopdf Info: Source file: <1_channel.eps>
(epstopdf)                    date: 2016-11-30 12:20:22
(epstopdf)                    size: 16802 bytes
(epstopdf)             Output file: <1_channel-eps-converted-to.pdf>
(epstopdf)                    date: 2016-11-30 12:20:05
(epstopdf)                    size: 3132 bytes
(epstopdf)             Command: <repstopdf --outfile=1_channel-eps-converted-to
.pdf 1_channel.eps>
(epstopdf)             \includegraphics on input line 104.
runsystem(repstopdf --outfile=1_channel-eps-converted-to.pdf 1_channel.eps)...e
xecuted safely (allowed).

Package epstopdf Info: Result file: <1_channel-eps-converted-to.pdf>
(epstopdf)                    date: 2016-11-30 12:20:28
(epstopdf)                    size: 3132 bytes.

<1_channel-eps-converted-to.pdf, id=92, 361.35pt x 252.945pt>
File: 1_channel-eps-converted-to.pdf Graphic file (type pdf)

<use 1_channel-eps-converted-to.pdf>
Package pdftex.def Info: 1_channel-eps-converted-to.pdf used on input line 104.

(pdftex.def)             Requested size: 361.34912pt x 252.94438pt.
) (./1_fwhm.tex
Package epstopdf Info: Source file: <1_fwhm.eps>
(epstopdf)                    date: 2016-11-30 12:20:22
(epstopdf)                    size: 16790 bytes
(epstopdf)             Output file: <1_fwhm-eps-converted-to.pdf>
(epstopdf)                    date: 2016-11-30 12:20:05
(epstopdf)                    size: 3134 bytes
(epstopdf)             Command: <repstopdf --outfile=1_fwhm-eps-converted-to.pd
f 1_fwhm.eps>
(epstopdf)             \includegraphics on input line 104.
runsystem(repstopdf --outfile=1_fwhm-eps-converted-to.pdf 1_fwhm.eps)...execute
d safely (allowed).

Package epstopdf Info: Result file: <1_fwhm-eps-converted-to.pdf>
(epstopdf)                    date: 2016-11-30 12:20:28
(epstopdf)                    size: 3134 bytes.

<1_fwhm-eps-converted-to.pdf, id=93, 361.35pt x 252.945pt>
File: 1_fwhm-eps-converted-to.pdf Graphic file (type pdf)

<use 1_fwhm-eps-converted-to.pdf>
Package pdftex.def Info: 1_fwhm-eps-converted-to.pdf used on input line 104.
(pdftex.def)             Requested size: 361.34912pt x 252.94438pt.
) [6 <./zelazo_200-eps-converted-to.pdf> <./1_channel-eps-converted-to.pdf>] (.
/1_res.tex
Package epstopdf Info: Source file: <1_res.eps>
(epstopdf)                    date: 2016-11-30 12:20:22
(epstopdf)                    size: 16764 bytes
(epstopdf)             Output file: <1_res-eps-converted-to.pdf>
(epstopdf)                    date: 2016-11-30 12:20:06
(epstopdf)                    size: 3132 bytes
(epstopdf)             Command: <repstopdf --outfile=1_res-eps-converted-to.pdf
 1_res.eps>
(epstopdf)             \includegraphics on input line 103.
runsystem(repstopdf --outfile=1_res-eps-converted-to.pdf 1_res.eps)...executed 
safely (allowed).

Package epstopdf Info: Result file: <1_res-eps-converted-to.pdf>
(epstopdf)                    date: 2016-11-30 12:20:29
(epstopdf)                    size: 3110 bytes.

<1_res-eps-converted-to.pdf, id=104, 361.35pt x 252.945pt>
File: 1_res-eps-converted-to.pdf Graphic file (type pdf)

<use 1_res-eps-converted-to.pdf>
Package pdftex.def Info: 1_res-eps-converted-to.pdf used on input line 103.
(pdftex.def)             Requested size: 361.34912pt x 252.94438pt.
) [7 <./1_fwhm-eps-converted-to.pdf> <./1_res-eps-converted-to.pdf>] (./generat
or.tex
Package epstopdf Info: Source file: <generator.eps>
(epstopdf)                    date: 2016-11-30 12:20:22
(epstopdf)                    size: 17487 bytes
(epstopdf)             Output file: <generator-eps-converted-to.pdf>
(epstopdf)                    date: 2016-11-30 12:20:06
(epstopdf)                    size: 3682 bytes
(epstopdf)             Command: <repstopdf --outfile=generator-eps-converted-to
.pdf generator.eps>
(epstopdf)             \includegraphics on input line 100.
runsystem(repstopdf --outfile=generator-eps-converted-to.pdf generator.eps)...e
xecuted safely (allowed).

Package epstopdf Info: Result file: <generator-eps-converted-to.pdf>
(epstopdf)                    date: 2016-11-30 12:20:29
(epstopdf)                    size: 3682 bytes.

<generator-eps-converted-to.pdf, id=117, 361.35pt x 252.945pt>
File: generator-eps-converted-to.pdf Graphic file (type pdf)

<use generator-eps-converted-to.pdf>
Package pdftex.def Info: generator-eps-converted-to.pdf used on input line 100.

(pdftex.def)             Requested size: 361.34912pt x 252.94438pt.
)

LaTeX Warning: Command \l invalid in math mode on input line 190.

Missing character: There is no ª in font plmi8!
[8 <./generator-eps-converted-to.pdf>]

LaTeX Warning: Command \l invalid in math mode on input line 203.

Missing character: There is no ª in font plmi8!

LaTeX Warning: Command \l invalid in math mode on input line 204.

Missing character: There is no ª in font plmi8!
[9]
Package atveryend Info: Empty hook `BeforeClearDocument' on input line 248.
 [10]
Package atveryend Info: Empty hook `AfterLastShipout' on input line 248.
 (./sprawko.aux)
Package atveryend Info: Executing hook `AtVeryEndDocument' on input line 248.
Package atveryend Info: Executing hook `AtEndAfterFileList' on input line 248.
Package rerunfilecheck Info: File `sprawko.out' has not changed.
(rerunfilecheck)             Checksum: 56901FB20DD65FECB8FF09F990A46F4F;481.


LaTeX Warning: There were multiply-defined labels.

Package atveryend Info: Empty hook `AtVeryVeryEnd' on input line 248.
 ) 
Here is how much of TeX's memory you used:
 8119 strings out of 493304
 121327 string characters out of 6139871
 216297 words of memory out of 5000000
 11377 multiletter control sequences out of 15000+600000
 10392 words of font info for 31 fonts, out of 8000000 for 9000
 957 hyphenation exceptions out of 8191
 44i,14n,47p,255b,434s stack positions out of 5000i,500n,10000p,200000b,80000s
{/usr/share/texlive/texmf-dist/fonts/enc/dvips/pl/plms.enc}{/usr/share/texliv
e/texmf-dist/fonts/enc/dvips/pl/plmi.enc}{/usr/share/texlive/texmf-dist/fonts/e
nc/dvips/pl/plrm.enc}</usr/share/texlive/texmf-dist/fonts/type1/public/amsfonts
/cm/cmsy10.pfb></usr/share/texlive/texmf-dist/fonts/type1/public/pl/plbx10.pfb>
</usr/share/texlive/texmf-dist/fonts/type1/public/pl/plbx12.pfb></usr/share/tex
live/texmf-dist/fonts/type1/public/pl/plmi10.pfb></usr/share/texlive/texmf-dist
/fonts/type1/public/pl/plmi8.pfb></usr/share/texlive/texmf-dist/fonts/type1/pub
lic/pl/plr10.pfb></usr/share/texlive/texmf-dist/fonts/type1/public/pl/plr8.pfb>
</usr/share/texlive/texmf-dist/fonts/type1/public/pl/plsy10.pfb></usr/share/tex
live/texmf-dist/fonts/type1/public/pl/plsy8.pfb>
Output written on sprawko.pdf (10 pages, 179950 bytes).
PDF statistics:
 191 PDF objects out of 1000 (max. 8388607)
 156 compressed objects within 2 object streams
 40 named destinations out of 1000 (max. 500000)
 125 words of extra memory for PDF output out of 10000 (max. 10000000)

